[03:28:36] [main/INFO]: Environment: authHost='https://authserver.mojang.com', accountsHost='https://api.mojang.com', sessionHost='https://sessionserver.mojang.com', servicesHost='https://api.minecraftservices.com', name='PROD'
[03:28:37] [main/WARN]: Ambiguity between arguments [teleport, destination] and [teleport, targets] with inputs: [Player, 0123, @e, dd12be42-52a9-4a91-a8a1-11c01849e498]
[03:28:37] [main/WARN]: Ambiguity between arguments [teleport, location] and [teleport, destination] with inputs: [0.1 -0.5 .9, 0 0 0]
[03:28:37] [main/WARN]: Ambiguity between arguments [teleport, location] and [teleport, targets] with inputs: [0.1 -0.5 .9, 0 0 0]
[03:28:37] [main/WARN]: Ambiguity between arguments [teleport, targets] and [teleport, destination] with inputs: [Player, 0123, dd12be42-52a9-4a91-a8a1-11c01849e498]
[03:28:37] [main/WARN]: Ambiguity between arguments [teleport, targets, location] and [teleport, targets, destination] with inputs: [0.1 -0.5 .9, 0 0 0]
[03:28:37] [main/INFO]: Reloading ResourceManager: Default
[03:28:38] [Worker-Main-14/INFO]: Loaded 7 recipes
[03:28:38] [Worker-Main-14/INFO]: Loaded 927 advancements
[03:28:40] [Server thread/INFO]: Starting minecraft server version 1.16.5
[03:28:40] [Server thread/INFO]: Loading properties
[03:28:40] [Server thread/INFO]: Default game type: SURVIVAL
[03:28:40] [Server thread/INFO]: Generating keypair
[03:28:40] [Server console handler/ERROR]: Exception handling console input
java.io.IOException: Identificador inválido
	at java.io.FileInputStream.readBytes(Native Method) ~[?:1.8.0_281]
	at java.io.FileInputStream.read(Unknown Source) ~[?:1.8.0_281]
	at java.io.BufferedInputStream.read1(Unknown Source) ~[?:1.8.0_281]
	at java.io.BufferedInputStream.read(Unknown Source) ~[?:1.8.0_281]
	at sun.nio.cs.StreamDecoder.readBytes(Unknown Source) ~[?:1.8.0_281]
	at sun.nio.cs.StreamDecoder.implRead(Unknown Source) ~[?:1.8.0_281]
	at sun.nio.cs.StreamDecoder.read(Unknown Source) ~[?:1.8.0_281]
	at java.io.InputStreamReader.read(Unknown Source) ~[?:1.8.0_281]
	at java.io.BufferedReader.fill(Unknown Source) ~[?:1.8.0_281]
	at java.io.BufferedReader.readLine(Unknown Source) ~[?:1.8.0_281]
	at java.io.BufferedReader.readLine(Unknown Source) ~[?:1.8.0_281]
	at zg$1.run(SourceFile:95) [server.jar:?]
[03:28:40] [Server thread/INFO]: Starting Minecraft server on *:25565
[03:28:40] [Server thread/INFO]: Using default channel type
[03:28:42] [Server thread/WARN]: **** SERVER IS RUNNING IN OFFLINE/INSECURE MODE!
[03:28:42] [Server thread/WARN]: The server will make no attempt to authenticate usernames. Beware.
[03:28:42] [Server thread/WARN]: While this makes the game possible to play without internet access, it also opens up the ability for hackers to connect with any username they choose.
[03:28:42] [Server thread/WARN]: To change this, set "online-mode" to "true" in the server.properties file.
[03:28:42] [Server thread/INFO]: Preparing level "Novo mundo (1)"
[03:28:43] [Server thread/INFO]: Preparing start region for dimension minecraft:overworld
[03:28:44] [Server thread/INFO]: Preparing spawn area: 0%
[03:28:44] [Server thread/INFO]: Preparing spawn area: 0%
[03:28:44] [Server thread/INFO]: Preparing spawn area: 0%
[03:28:44] [Server thread/INFO]: Preparing spawn area: 0%
[03:28:45] [Server thread/INFO]: Preparing spawn area: 0%
[03:28:46] [Server thread/INFO]: Time elapsed: 3462 ms
[03:28:46] [Server thread/INFO]: Done (3.615s)! For help, type "help"
[03:28:56] [Server thread/INFO]: wadde[/192.168.0.105:56738] logged in with entity id 70 at (206.4482990306988, 75.0, -23.190486117001477)
[03:28:56] [Server thread/INFO]: wadde joined the game
[03:30:54] [Server thread/INFO]: wadde lost connection: Disconnected
[03:30:54] [Server thread/INFO]: wadde left the game
[03:31:17] [Server thread/INFO]: Stopping the server
[03:31:17] [Server thread/INFO]: Stopping server
[03:31:17] [Server thread/INFO]: Saving players
[03:31:17] [Server thread/INFO]: Saving worlds
[03:31:17] [Server thread/INFO]: Saving chunks for level 'ServerLevel[Novo mundo]'/minecraft:overworld
[03:31:19] [Server thread/INFO]: ThreadedAnvilChunkStorage (Novo mundo (1)): All chunks are saved
[03:31:19] [Server thread/INFO]: Saving chunks for level 'ServerLevel[Novo mundo]'/minecraft:the_nether
[03:31:19] [Server thread/INFO]: ThreadedAnvilChunkStorage (DIM-1): All chunks are saved
[03:31:19] [Server thread/INFO]: Saving chunks for level 'ServerLevel[Novo mundo]'/minecraft:the_end
[03:31:19] [Server thread/INFO]: ThreadedAnvilChunkStorage (DIM1): All chunks are saved
[03:31:19] [Server thread/INFO]: ThreadedAnvilChunkStorage (Novo mundo (1)): All chunks are saved
[03:31:19] [Server thread/INFO]: ThreadedAnvilChunkStorage (DIM-1): All chunks are saved
[03:31:19] [Server thread/INFO]: ThreadedAnvilChunkStorage (DIM1): All chunks are saved
